2024-01-01 00:00:00,000 - INFO - Site activity logging started 2024-12-27 22:52:52,152 - INFO - Page visit: /manage_content - IP: gAAAAABnbul0-J07KRf_C7cWqO75dAIfPkkIu5xxgGqu13j6XpFSP6LVVjgp-ex53lVtgQ9qL1GdZHReQYuCBNSmBXhx-JxZig==
2024-12-27 22:52:52,184 - INFO - Page visit: /manage_content - IP: gAAAAABnbul0cRlE4_FKsAz2kKGZigO8JnmabY1pE1GyAsxAGEW4_hLiEPVg70o-zH7fjotooKga9c1hjlbS5Tm1H33iSseLUQ==
2024-12-27 22:52:54,929 - INFO - Page visit: /add_news - IP: gAAAAABnbul2RXfoG4_GPH8cnt4VaNAYPF7PvTGSiADHVRQk52KPaIk3H4mW9YjnWbKbGaKWXQQzkEfLi-wfW3hthN3bXiUYDg==
2024-12-27 22:52:54,961 - INFO - Page visit: /add_news - IP: gAAAAABnbul2SPHB5U6Fur8YGGS7GDcGmIjWciZqDxBkoMEqfG_J1XeAIqpWqCaxW_4L75skBkZVx1emXxxk3uXnvBjy3JWpJg==
2024-12-27 22:52:54,999 - add - news - пїЅпїЅпїЅпїЅпїЅпїЅпїЅпїЅпїЅ пїЅпїЅпїЅпїЅпїЅпїЅпїЅ: пїЅпїЅпїЅ - gAAAAABnbul2fdPDhMaYsE7uZjMveA2P-oayxoW5b2WIN6-AKR2ne3Gd696qDxG6a3d7BoCLVWyGIYQT2ULcq0AZ1MnQji172g==
2024-12-27 22:52:54,999 - add - news - пїЅпїЅпїЅпїЅпїЅпїЅпїЅпїЅпїЅ пїЅпїЅпїЅпїЅпїЅпїЅпїЅ: пїЅпїЅпїЅ - gAAAAABnbul2fdPDhMaYsE7uZjMveA2P-oayxoW5b2WIN6-AKR2ne3Gd696qDxG6a3d7BoCLVWyGIYQT2ULcq0AZ1MnQji172g==
2024-12-27 22:52:55,032 - INFO - Page visit: /manage_content - IP: gAAAAABnbul3VSSOE6fuRmnNcxdGgx_uR6nQQa3mzha_QGKCBiI4BGlkqVXGnt4C0oI_JDKxtLOaboYye5qjZEKrUrgq5RK6Jw==
2024-12-27 22:52:55,071 - INFO - Page visit: /manage_content - IP: gAAAAABnbul3hLfKi3zL2hOKrO6ddqguie0RUrbkMkhvAyK5o2vFrChDfwpiaPTZIQ-86pGr55-O8uqV2zPPIDEwH5IVJtssPA==
2024-12-27 22:54:31,671 - INFO - Page visit: / - IP: gAAAAABnbunXuA_DKetDUbOvLWSRhLRolGjZnZewnKZmBpmE9XrSt9LCVHdChnK68DuKgO6pkBKkwsNvpn2Qcml4ZWzgGJtQvQ==
2024-12-27 22:54:31,703 - INFO - Page visit: / - IP: gAAAAABnbunXVYT2YN4fPUyEkaPLZ4eJdaVp1rCi89Okg3iE7kHpImFXj52IzO5J9CEFa-5dQDWFdMcnGx2sBMOYRz2mMosOxg==
2024-12-27 22:54:32,351 - INFO - Page visit: /company - IP: gAAAAABnbunYB-eiNFzc7drw8ewoi5ONiL3CI1e8v4egtVlc5NNThl41DDLrwphf7Xy0DIqzineX_deVBhtUnziUSQDhJZ6JzQ==
2024-12-27 22:54:32,385 - INFO - Page visit: /company - IP: gAAAAABnbunY-Hr1EghSYaMfOvbH3fTbYxasSFN7QUgAyRC0yfzOHFsMf2hBS9wpnqGV_aC51JSTSauj6tDttuZUAX2ou6T1oQ==
2024-12-27 22:54:32,779 - INFO - Page visit: /services - IP: gAAAAABnbunY2iVjfcq_3mtjbL8QZHol428mWTZslra9wJ4eEhus6mjN5E7kTOeTaMhTk6Vqyl69rHjKj9GyINAbdV9fDT9ilA==
2024-12-27 22:54:32,812 - INFO - Page visit: /services - IP: gAAAAABnbunYqsCfLDbb53fMCinA8KVv4CeGm99ueH_oHqu7FBf0dR1ev-nKUL7fgoOcwfyZZ7z2mGC2bSgPJYSuTJPAfBbmQA==
2024-12-27 22:54:33,275 - INFO - Page visit: /contacts - IP: gAAAAABnbunZn-Fucc7mPzTGsIpu2xMzbBkkakijXVvLHL2LpBTYAbJ-uts7tYcFVqVhjfk06J4-Z50Hf4RPcewtJEKMyKb2GA==
2024-12-27 22:54:33,307 - INFO - Page visit: /contacts - IP: gAAAAABnbunZ88yFC6PN5tqSDvhZO_CaNv12XM_PUMahrlTUvTCseshO6IMuoLsy7jPnRS0iJqafUi2n4F-LHnw4TuUxwmoAzQ==
2024-12-28 16:09:24,703 - INFO - Page visit: / - IP: gAAAAABnb9xkROiHblBTAduYgBx8A6bvN1m4q_oyneDN0D57a_rA9PNMk36Oj66q1T8XrQG5eooV4s4WYpZzaFUi9L2c-mdOng==
2024-12-28 16:09:24,763 - INFO - Page visit: / - IP: gAAAAABnb9xk2Z4CuVwWKh3ujDytXt4iuX1wkuJyAiOqTvsXlgJm8IK4bwHxITpKtIB5hlu1QTapW65sC6U_vptoTHgl7xRTsQ==
2024-12-28 16:09:24,995 - INFO - Page visit: /favicon.ico - IP: gAAAAABnb9xkzeeH0pV1fHQOZQKk9UxoDY5j6XLzlojhMt78CfY3WYFrT3uvBsl6LP8I6gXRTl3uAnMTmlXZ2hDTjvgI5307zg==
2024-12-28 16:09:25,030 - INFO - Page visit: /favicon.ico - IP: gAAAAABnb9xlQGAUmzVmZPR8DqkWya53iJ0yf83jRgB47hJgRzz2hTdjfn9rskRZZqy7w_k6YBAQO1hpvwe02dJxUrJ50sSaEw==
2024-12-28 16:09:50,604 - INFO - Page visit: /company - IP: gAAAAABnb9x-19gn4G8hs6jIXF8_hxZPrgHD88dg4VwZcuVE8eQiLjXAL3j4LtiBUUEFsWxudxWjJJQFoq8U0blWaIERa1Blcw==
2024-12-28 16:09:50,638 - INFO - Page visit: /company - IP: gAAAAABnb9x-Gt7KK23ZAuGrP7jG-8yQem-qqU40CrtgU_S8jAYT1Mois1woegysEEvhyrfSdm6M3sP1tCpF1dDv8Qxe61n73w==
2024-12-28 16:09:52,244 - INFO - Page visit: /services - IP: gAAAAABnb9yAERcrUROX6ZvkMxVri5FVm0bXXgdSQEcO41EHL-nap8Zzx-jo4N5gwYKwJygl1nKZxXuAgo4rvu43B-_E4ExVOw==
2024-12-28 16:09:52,277 - INFO - Page visit: /services - IP: gAAAAABnb9yAk_Y2LXDyTkh3llp3R04uPzCT5AaGdpSmZZjOs1LD7odeaEYIZg5nSz5AmlrBRc6Ru3SpnSJcN-OyUCfIHdy8sg==
2024-12-28 16:09:55,415 - INFO - Page visit: /repair-works - IP: gAAAAABnb9yDqgPcfD36i0yCdIhSA8-sS6t_s8Pa-Bp2kPvDrA5Tjsbq8hAZFht0K7AMn2M49Am3bc3mduhUcSFdj3lOWb_upw==
2024-12-28 16:09:55,449 - INFO - Page visit: /repair-works - IP: gAAAAABnb9yD4LUYVu52wv26-Ap9-xoPxNAkuI63259f2f5Zbf62xnnZ2eYqG2-t8iJjnq0wjEGpAzfzf6JVacNus2Fwt4whZQ==
2024-12-28 16:09:59,334 - INFO - Page visit: /serviced-objects - IP: gAAAAABnb9yHsJ7JELPHLW6xJF18VZdW6hgoTGa-_eDoeD80sn9xb8rE4pOHOTqeIiZXaTSdYnVA9TGDOmTZfZ6M9U1pOy7rqA==
2024-12-28 16:09:59,367 - INFO - Page visit: /serviced-objects - IP: gAAAAABnb9yHwW70NbBlIkdeUtTMEIXYPSBKc0iOKUxjP6x1lwmNxaA1STSOYvjAxsDJ5QccG-2FJzNV6hBxSA5rQKPpu5L32w==
2024-12-28 16:10:01,875 - INFO - Page visit: /contacts - IP: gAAAAABnb9yJzR1CMu8a3eh_JDi9JLtj51eBD-oRUB8SriRoVF-M7qYwgp8iHnfYOWtTjYQQmcIY0XCJehO-ataSbClSOBf1xw==
2024-12-28 16:10:01,909 - INFO - Page visit: /contacts - IP: gAAAAABnb9yJ_dMfwuOYqxWvM8ehnrLRpCPQ-5l8GscKerxbIcbGcRWPUFhC1aHFDMTiocgSXftCJB7SUKTfIwUcUen59o0JdA==
2024-12-28 16:10:04,995 - INFO - Page visit: / - IP: gAAAAABnb9yM21kn4HUQ1Hl75ufv3vgV4Ahoxb-jbj04NGKCVCHtRxuARew9uxt4I3rjHLWw-4zHsFESnKai3Ek_ZLvF6sT4mQ==
2024-12-28 16:10:05,030 - INFO - Page visit: / - IP: gAAAAABnb9yN7cjdEcnbqp0kILGXhLde7me7_ZSNx9auTRgKceb_3eq7Jhll19IlnmZu8zej5a6KaGpA1tRNwlppwX0E_bdDTQ==
2024-12-28 16:10:10,121 - INFO - Page visit: /admin_login - IP: gAAAAABnb9yS2fy6s9KftpaO-FRw1d0YGWWmTY6CS-MpviRqtPjVYPrvY8d38nK8vIady9RZXHjX0VOuDYeWs6vt--RVSw8MmA==
2024-12-28 16:10:10,156 - INFO - Page visit: /admin_login - IP: gAAAAABnb9ySPdhBmOsAZEOi8_L44lk3YrQnVFTSoI3rIgEbBuyuqI3D0o7b0VNPUA0hoW2zOvYKfLdkE4GGCSB0TWmQy1-OBg==
2024-12-28 16:10:12,432 - INFO - Page visit: /admin_login - IP: gAAAAABnb9yU7yRtzU_J_HNAYhGHi4YocGYfZ18W_4xwbn4S2XhRW7CobzklGb5GQ8A25uAPwR4wNuI-v495pteSytqG_PMkAQ==
2024-12-28 16:10:12,467 - INFO - Page visit: /admin_login - IP: gAAAAABnb9yUfNYZ4NUwLPNw0jkZ4aXTrHJrKg7kwQRMJEVA84caR9HIFup9zo1J1rp1kx0wzExr9GVwiR1tdqVCyfBAKLy8Lg==
2024-12-28 16:10:12,503 - login - admin - Успешный вход администратора: admin - gAAAAABnb9yUV6rhCzj5xTaRsi9e3fCJG-s8G8xt89GRpS9xsPAtbMEr058yQcUVhUmJg9KqkVImrE2tSfpvaGmB4dRRUlVOdA==
2024-12-28 16:10:12,503 - login - admin - Успешный вход администратора: admin - gAAAAABnb9yUV6rhCzj5xTaRsi9e3fCJG-s8G8xt89GRpS9xsPAtbMEr058yQcUVhUmJg9KqkVImrE2tSfpvaGmB4dRRUlVOdA==
2024-12-28 16:10:12,535 - INFO - Page visit: /manage_content - IP: gAAAAABnb9yUg6oSdWdUS3nD-Zy8U39ENmz_CIqojC9sDnwIjaxOAID2Y2E4Hn1Q3Eoxd8pXiNbTWqHx0a-srDoAt43zPl_hKQ==
2024-12-28 16:10:12,568 - INFO - Page visit: /manage_content - IP: gAAAAABnb9yUS8xR2KIcHtfeIS01JTr1X-BZXJpJqar41ogUD2i8HGBNoMBIbb7Ky7FyQr4zs1u6r2MnK8FCzIVczgwSACjCaA==
2024-12-28 16:10:38,518 - INFO - Page visit: / - IP: gAAAAABnb9yuK-QFjPCMuvTOSstajlUvCw6Zg-jbZwdDO1XwZpeRo2UH9qjsnoeafpT2IjIMFSkMblkSIoBuqlmfwgT3df0lJA==
2024-12-28 16:10:38,553 - INFO - Page visit: / - IP: gAAAAABnb9yuBCyQobvNvbjliSQ5Bqj2oMYSlJo0ZMR3eDzmHKzYloxaLiEBtogpR_p5N94SwQdZUbwsw0C5RnY05vjGMb5exw==
2024-12-28 16:11:49,272 - INFO - Page visit: /company - IP: gAAAAABnb9z18CTiYS0_buCgj46cfPpKLjdjREwrEezfhGtTucLQ5Q_hB5cSk_0H1gv4RPCNYJ7cyQxPORuub4uh4MjZ6u2guA==
2024-12-28 16:11:49,307 - INFO - Page visit: /company - IP: gAAAAABnb9z1fz_WFxdYZezGXXPPPDk1S1ZB0mdZ7QdoBfl64VsI9yVUqIOWkWL6EfCWukzhQU9J0yiB_KEwQ32Mu4Vh0D8xkg==
2024-12-28 16:12:06,043 - INFO - Page visit: /services - IP: gAAAAABnb90Gr-HUQJjERnGSQxTDqVu7QpPodmCeYdptBAksZjInoSCwxeHzwm69n7LHGTKK5iQksGFhQyBbPgpiYJPsqcGwNQ==
2024-12-28 16:12:06,076 - INFO - Page visit: /services - IP: gAAAAABnb90GmcfS0B5L7FDmlVuQ5Y8XlJ1F8EK6nXODabidXxTca1K8RBIGai4zwVTLMZoNKcJH_emnCyc9pSS5lWmOBbu2Jw==
2024-12-28 16:12:38,416 - INFO - Page visit: /repair-works - IP: gAAAAABnb90mDsZ895YShwwMngqXX7NsdL8po0heWOrkZw0CPH6WIMDXFnc_pjR9x_VsrQjCKgM6Ut0Gd-Oxw2SSluLgmR7FYw==
2024-12-28 16:12:38,449 - INFO - Page visit: /repair-works - IP: gAAAAABnb90mcxhdU3Sdyv3JvvzFcLR8J64mAzU45t3IaDewgdw0G2VRT7MTKIf723yXcjQGjIc1zi4Aw_XxXSviTUa55ukQhg==
2024-12-28 16:12:45,078 - INFO - Page visit: / - IP: gAAAAABnb90thbnc9SOjZwg0BwBSxHO_vdUtXokCtDKir4Atln1CR3wxpFMN7dwOBDKllu0oBppI3qCL4SvCoWhARkb_FxXyRQ==
2024-12-28 16:12:45,111 - INFO - Page visit: / - IP: gAAAAABnb90tW2oDRcDMDMoHvnlVhvgS0yQ2-0Ir-fe4jDd_HYXEz6X9Dsqh4102trTwHjdB9B9OnpNcxIsQkvcVBTaaLjqg2A==
2024-12-28 16:12:51,275 - INFO - Page visit: /admin_login - IP: gAAAAABnb90zj78pTMeWsuxGKRQ5vlsPOtRSlnPwYebdFAlT91vv92yl9po4rf-MzHi5CTCMfl-i_wYmuRhM8tyfaG1MKC5FJA==
2024-12-28 16:12:51,308 - INFO - Page visit: /admin_login - IP: gAAAAABnb90zmIPrN3zuQ8pzmUclmX8OdkLVXaZm0QuI0Ef1EYWs3uS-dgfIRjWkAdbRNFuotdJs29lUS2LjgQ5w4ceDIhtdng==
2024-12-28 16:12:52,270 - INFO - Page visit: /admin_login - IP: gAAAAABnb900eCHJkLoY1zz5ZbwuJcMzVYbhtsOHdXBVaANL7IpKpncYPBycZIR_u-5_cZlZw14YZNKf6ti5li9K6GGQVWrcUQ==
2024-12-28 16:12:52,305 - INFO - Page visit: /admin_login - IP: gAAAAABnb900nw9mFeWf8Ki1qlPiKRR3ypI9QD2iiYuKvbBO1oHsWWa60EpWEAB-BJYtLf8rT5Oojhpb0_Hu9eblHL7nM5uCkQ==
2024-12-28 16:12:52,337 - login - admin - Успешный вход администратора: admin - gAAAAABnb900wybA-k6H39h-ohxS1x2EV8Rxr8E6vlbP0oa34_vCMwqJKXMImQga4vTVDibvYI_TeuGtcIgjgDKLDvo2zQGwvg==
2024-12-28 16:12:52,337 - login - admin - Успешный вход администратора: admin - gAAAAABnb900wybA-k6H39h-ohxS1x2EV8Rxr8E6vlbP0oa34_vCMwqJKXMImQga4vTVDibvYI_TeuGtcIgjgDKLDvo2zQGwvg==
2024-12-28 16:12:52,375 - INFO - Page visit: /manage_content - IP: gAAAAABnb900Mu4gYkRJqd-ObL8vvCcEEgdNSR8cdi0gmFQdBDk1Sf4hsgvsDYBZ2GjyBtzj1fFfHi97_nq49ampWsGkQcDpLA==
2024-12-28 16:12:52,409 - INFO - Page visit: /manage_content - IP: gAAAAABnb900ztG9p6undEY_oW9lHwJbFvdQY74P7uxiI_QwLJFSvwJb_N8Ska5ydYMejnui4UjGthI800mx7FjVlip7SAzIDA==
2024-12-28 16:13:04,324 - INFO - Page visit: /add_object - IP: gAAAAABnb91AANZ8jXWcdAkrFCUHafr4cDOqVlEyRwKYPAWJIPGghk8pbeJ4itpnYXsTFAEV0emR6Kg9vYn5zzW4lE7LL42wzA==
2024-12-28 16:13:04,356 - INFO - Page visit: /add_object - IP: gAAAAABnb91AqCM52thI3i45rSElB-4bTKi_7F4gFo0ouJL3SRgdW0kT_h5lZt8OJWHs8-ddX2IXldiIxbF_hreNhy5KBHHBbA==
2024-12-28 16:13:04,392 - add - object - Добавлен объект: prk - gAAAAABnb91AZ7vk7jdpWxhLLcQ2yJ6nBjLV3yvlxpgt7fHXcstKMZnNS7THdkWedItbzUH5UIFxBFmMAajpFclxH0I0QGwAWA==
2024-12-28 16:13:04,392 - add - object - Добавлен объект: prk - gAAAAABnb91AZ7vk7jdpWxhLLcQ2yJ6nBjLV3yvlxpgt7fHXcstKMZnNS7THdkWedItbzUH5UIFxBFmMAajpFclxH0I0QGwAWA==
2024-12-28 16:13:04,423 - INFO - Page visit: /manage_content - IP: gAAAAABnb91AQD6ZF4TK4I-Sf16ZYWsYYSe7OxIMT2Ppgv7ZTQyiTu0WE8jTzqxwmCQmFhjhdAWCxW7bDNP_4GX6aKkjEN8mCQ==
2024-12-28 16:13:04,456 - INFO - Page visit: /manage_content - IP: gAAAAABnb91AzE45ucFQMCne0-UT6l_CX2_lgT-2zxpiNhj4bJz9ZstcCBq3CN0GCU1gSTcVrPPxi_A2OZFydoMRSO2nI99sgA==
2024-12-28 16:13:14,899 - INFO - Page visit: /add_repair - IP: gAAAAABnb91KZFNMBwmK0xGMh3A6zyxYiQ6BUa1BALHIPZBcAX6PLHwfAeR0_u0mjDVOAwG8ALBDDhVYSrVzWJe3X2gxIxNUrQ==
2024-12-28 16:13:14,932 - INFO - Page visit: /add_repair - IP: gAAAAABnb91KoL3zJLpzCsSw6WrUlOhaYTPt-KptwOpXDSXahNJA19BUEm0KTHWo_7-cGbyjtIPPsASS91IEGVpUHy2GnTGMXw==
2024-12-28 16:13:14,970 - add - repair - Добавлены ремонтные работы: a gde - gAAAAABnb91KLKjgHQAhW8AP_Jo9jScBfmVy4LgXoouPG-Yt_IxGxiNP3rHU_XJf_9-NrEfi3PS0QJbrjz4-XAInoEjQF_gk5g==
2024-12-28 16:13:14,970 - add - repair - Добавлены ремонтные работы: a gde - gAAAAABnb91KLKjgHQAhW8AP_Jo9jScBfmVy4LgXoouPG-Yt_IxGxiNP3rHU_XJf_9-NrEfi3PS0QJbrjz4-XAInoEjQF_gk5g==
2024-12-28 16:13:15,002 - INFO - Page visit: /manage_content - IP: gAAAAABnb91LW1LBGH0sURLdWef80xsIjMytXD9H7h8XMnr9RzrdcBKXIUuVUq_oJmdm9Afx_6exW4_W-kqy0VaUOiNILY40pg==
2024-12-28 16:13:15,035 - INFO - Page visit: /manage_content - IP: gAAAAABnb91LG-v3gU15w5UuBcX08zfMD3UQrXHc2uFoetdGbefpaCwk0rJ8AfATh_gDFi1bSd38V3fTkn7TYTUtIifv7B_iEQ==
2024-12-28 16:13:23,445 - INFO - Page visit: /repair-works - IP: gAAAAABnb91TE4eDpBan7G1F5GckftRcIyJiTrpoUkpX1NxHwXNuf_1Dxpu6wXkqJMTEd2d3AkX8H6EHXDfIx0MWPIlh83GWzg==
2024-12-28 16:13:23,477 - INFO - Page visit: /repair-works - IP: gAAAAABnb91TSUD1cmG1xKbB7-r5_5FQW1CpWoTDDu6izOyBooGluV_5a3gRRJ8_QrZD3wtxHjJFz_53VHNs96Vyoiie9E_xPA==
2024-12-28 16:13:24,942 - INFO - Page visit: /repair-works - IP: gAAAAABnb91UiQ5jKD8_U1tMU2CfQSe2VgJ6DqNfJl9d6P88Ufb8xsUKXDlRZKqsNYmnqdVQqfy1LKY0CnBhWYovjNis79n3_Q==
2024-12-28 16:13:24,976 - INFO - Page visit: /repair-works - IP: gAAAAABnb91URtrx0hs-qTzM5UgSVNNsiU1MuvRfQ74g7z3XZPkHT2m0fK8Wpn2Bk8LFh1JrOJtWrTDKLlnWZSfjVrGxWHD_Wg==
2024-12-28 16:13:26,993 - INFO - Page visit: /serviced-objects - IP: gAAAAABnb91WFmTfA6aUuU5BGHifpRGkhnlRv1aZec_TEJjz5w2_tsJqu2o5okl-d2QhU6fdSFyHSGEEFInSTaM5HWOMckGtUg==
2024-12-28 16:13:27,032 - INFO - Page visit: /serviced-objects - IP: gAAAAABnb91XNfdqHFqratTFdaRU_OdTrcCeZrpIX9rNRRq5OgDx_STwdUgFqo1L3yveQ7jsGGbMaTSQcO1X8kk9FrIFYNLTUg==
2024-12-28 16:13:28,426 - INFO - Page visit: /contacts - IP: gAAAAABnb91Y-Cxiikyt1D36sFyudvOj4cvw3F-th902lBrrx8BjgpP3fut8ipjl_zivzrsQV2Qsf21S-2_bGBCd_57BmgEsLw==
2024-12-28 16:13:28,462 - INFO - Page visit: /contacts - IP: gAAAAABnb91YyujBsL08KekWUSTGBa520AzjvmNNJb8NKab5i71HaKeSjti-OnowA4-qdLtxp2UTVUKHHNSY2strIzPBijqX2g==
2024-12-28 16:14:06,158 - INFO - Page visit: / - IP: gAAAAABnb91-x5WDqOWPQ8NgUsB_14rwIMdJtlbURb4Mmu2X3M0WMmA1ZjdkfK1SgCCJQU4dAbuxvDyyuimIJ9SZ8Cf5v4o8nQ==
2024-12-28 16:14:06,191 - INFO - Page visit: / - IP: gAAAAABnb91-mKYqwejYdYV7cBNUlNPICiPAO8hBFP-8YqPe9Z3qyxgbbmw_QY1yA_0dpR9NcoXKnLZ4IsfADycn5O0LESGQbA==
2024-12-28 16:14:21,950 - INFO - Page visit: /company - IP: gAAAAABnb92NLA_M562jU5A0rRzV4gyT_NA4pfHVGN0bCK4Wdtbdt5G7rnSZvB_8ZNFvJtn-zTlzl9_cVzGUAETXoTPnWgffXg==
2024-12-28 16:14:21,984 - INFO - Page visit: /company - IP: gAAAAABnb92NQ__0Mv_90UeD_RuAHMYo6DIgxVQVpM49NjtiAmp0pmsKR-vJ8A3-WO6lC0b9_PF9coQyIdOYj01SUsaNilEarA==
2024-12-28 16:14:30,227 - INFO - Page visit: /services - IP: gAAAAABnb92WJrLO7Tz7N6HP9ejcfv6r_3K9GXpK01km_yz2QnqtcYI47uMO3xOxv3j9hYi9VnS_4R1wjTk-NMh0wbFjQOETkA==
2024-12-28 16:14:30,261 - INFO - Page visit: /services - IP: gAAAAABnb92WTzWqBZLBpt_K7HI96643Ut2OnMJi1mFuD2aY-akVp93ETt7qP2WO1X1p7RxpLKSvu94pLEynui4SmUVihOiAAg==
2024-12-28 16:14:39,671 - INFO - Page visit: /contacts - IP: gAAAAABnb92f5k6xCy4H-Si7aDWyJldyQlwoPSOMRmiKPZUdDJqBEv-grlPoF_z4Nqp5QjQ93tCB1bMyVKke8P4N4I3WbWaB5A==
2024-12-28 16:14:39,704 - INFO - Page visit: /contacts - IP: gAAAAABnb92f9lrD4DOz7VF98oNxlCvpedTQkm0RbdIDQ3Ri3ZNOuABM4CVU2BfohxuZHAQnlfrfBPayNeSDyvcpEXzXx_jrIw==
2024-12-28 16:16:09,464 - INFO - Page visit: / - IP: gAAAAABnb935Lr1gl6-EzkZ1Nm9-gqNqaNQABa31L6Xitgyjpb8g8ZOpU8_nWyq0QRpzjw9bFavCcHD9reTNxwYCAfAQlBh9lA==
2024-12-28 16:16:09,496 - INFO - Page visit: / - IP: gAAAAABnb935D6yKlivqDnubfSb_EeFlgARTBSsXMWvult8DSi5h5IfBpauoCTZoSYNw0JUSNN8KROR4NIOsQdV2XTED-spuTg==
2024-12-28 16:16:18,487 - INFO - Page visit: /company - IP: gAAAAABnb94CDTrGBrtTtQYl11osR2ndZOE0wOBOALgaFjzEdoMV900zM-8esNpxglLCDjfrRRP3tamuMmLwAh-JkNt-11R43w==
2024-12-28 16:16:18,519 - INFO - Page visit: /company - IP: gAAAAABnb94Cq1bXyufggA8eTiLc57qdhPvs74zlwrfSb-mhs8Jg-9BljU5UmtqRW4qPUeygQu9QLKRWGL1y1HOScqfLBZi7ow==
2024-12-28 16:16:21,588 - INFO - Page visit: / - IP: gAAAAABnb94Fff7ABamHpL4PK-9V4eKeG2Sn4AgZrVgeMqf77IrCFPzWNsMzaYERq18ttQiHmVuW_f_nf6szF9jOqwQB9LuzuA==
2024-12-28 16:16:21,624 - INFO - Page visit: / - IP: gAAAAABnb94Fe1UXeL_Vtz5TQ_miKtziPK0v_pvcm_ZdMkH_sK-f5PEwhFH1ZVI7rdLy8dmaLydxcEplOTaYLOh2ivHaazKBvw==
2024-12-28 16:16:59,918 - INFO - Page visit: / - IP: gAAAAABnb94r9sdWqVsvzbm9YJxcDBxJnaaumObDqWwZ2wwodxcxZyBNwwKx2h7LSb5reW7qAnNC7tmXcNn8skaphczX6R-xNw==
2024-12-28 16:16:59,950 - INFO - Page visit: / - IP: gAAAAABnb94rLwjKB6zjGMeoTTfoFama2HzQ1o8NLSA13cYtvnpjSpF5cHMUx707ubw2eNmi9aV7PjzQ1P6KpH01nWR2pkn2zg==
2024-12-28 16:17:01,455 - INFO - Page visit: /company - IP: gAAAAABnb94tjVWsNN8PjFL-8ls6zS4O2JHdL-3fvAVQch-JCRfQKhybyOe2DQVoFfWwU-GfIphUhoposMJiIvaaJPhwn0VEFg==
2024-12-28 16:17:01,491 - INFO - Page visit: /company - IP: gAAAAABnb94tZu-q8GoO8Xy_Io6CqegV-XRiuLGNh86Q7Hm5JOdEc5UNshI4B1yTP83WcGYX-quII-VztlGPRSbwBjOL-jhaGw==
2024-12-28 16:17:02,521 - INFO - Page visit: /services - IP: gAAAAABnb94uXwjhZs2p8LPWZt8XyrqeHuPvOytdBbsFTPaq9pDHsZI8eiZraXT6yXRtsPUIN_OBSbnt4jzKbzg1cIrQufXrYQ==
2024-12-28 16:17:02,558 - INFO - Page visit: /services - IP: gAAAAABnb94uv_UxOtUDIHYJ01jMbfOdST4HtA6Qpuil3Eyi4_vvtjhM1gzP7Lyqi6qP_hAWXMreJcCTwz0HNcc_pVt020uKHQ==
2024-12-28 16:17:04,066 - INFO - Page visit: /repair-works - IP: gAAAAABnb94wqGWdiArssQSqKTg8GtdFi1VTWjy-1C9mqmDZTpQj920rUp8gEXkeF1H152LYNwfBLKoKC1D-JeMtwBUMnCDhaw==
2024-12-28 16:17:04,102 - INFO - Page visit: /repair-works - IP: gAAAAABnb94wFwshUddd0jhbdNT-IrJ9BvSJzg2_H3GUwEGH0L938MTOkuQpMSWYSo9arIVlxeF7hvt-Y-AUeubUIVjvvKI5jA==
2024-12-28 16:17:07,080 - INFO - Page visit: /services - IP: gAAAAABnb94zfrkXSvm600txZ8MEIel7jI097yf2HLDbRclbYpbt1lP0ZbEnb6ik7CqLnHeIHm3C3vgeRznf06gUypTg1k62Kg==
2024-12-28 16:17:07,114 - INFO - Page visit: /services - IP: gAAAAABnb94zup1OD5fuCyYM_PvXUjIz4V4CbgRYOOm7dTvAl1BB_KWJ986PtUWfblxF6cIl4OC8LRBUGk-N_lZm9J1wbDlpDg==
2024-12-28 16:17:08,277 - INFO - Page visit: /serviced-objects - IP: gAAAAABnb940TBh3hv7p1rgUas_Q3-Zf4Xr2BsySqlAag_A3sDsd6mQNWSTk1Qw-enK1A6UJVQbrwP6trDyHp_BDAl9sOEfotw==
2024-12-28 16:17:08,310 - INFO - Page visit: /serviced-objects - IP: gAAAAABnb940l3Bxe27URklGDihzBBH19-dQdgEDkor7FzyHD6rZwCcflPxzqrRyPmV2VSe-M9Ez7cmp7vDPWCK6EKcYMVWpSQ==
2024-12-28 16:17:10,172 - INFO - Page visit: /contacts - IP: gAAAAABnb942LCZNz0cRaqFZNoCeSIsJoqMUOKwclevC4yzYcOdq90mQW82k8ypLEynj8naTkwPSCrwaxFNVI358We-VxcQo3g==
2024-12-28 16:17:10,207 - INFO - Page visit: /contacts - IP: gAAAAABnb942Q7A_VvHqg8wDbOIrlnsqRdl-oHj7kWPTPErGcLlbyFDixRLS30pSWj9fIiLXA5Rit_zU0ibe4OTWQfKa1rZ6sg==
2024-12-28 16:17:12,208 - INFO - Page visit: / - IP: gAAAAABnb9445ZQMrYrOlLFpU9VvRqhC7Jws2QkMSqYIO-LG9gHAdq6X4dtAVyJ2YCSpgsDcxlLu6os6zGHizfLD7VvPVWDPDg==
2024-12-28 16:17:12,242 - INFO - Page visit: / - IP: gAAAAABnb944Tm0tCKAF3A1eMKhjGEItekR_89YCeeEOnB2wq-wgysfjTOydy-eBlj8P6NpdeVjMkXMNpmbGSlDFfORA7XSPUA==
2024-12-28 16:17:34,095 - INFO - Page visit: /company - IP: gAAAAABnb95OljMYRWZJniW4zjHcFT8RmX97bzeHd261KAHlHIRLBMe2N6Lh4cfFsNWSbSuzfJKvArf2COB9j63u1muk1p6nnw==
2024-12-28 16:17:34,128 - INFO - Page visit: /company - IP: gAAAAABnb95O0_Vzxub5htNjK2iY9WNFn51JNfZi7gegjJifVHIo1cpTkLn7xwz_-0giM3OLXrdVwh_7tHeuHpITnKCkU4A7Qg==
2024-12-28 16:17:42,054 - INFO - Page visit: /services - IP: gAAAAABnb95W_Y56w48fOXtrLuy8EjLM91VDlDu6xfbVk6UsDrCKqzOYSJ57wm2CfHn-a9fRwzTAOIOJBLx3j8VRlx4TJwCEdQ==
2024-12-28 16:17:42,087 - INFO - Page visit: /services - IP: gAAAAABnb95WrYqCSG7K6Kv1A1w_iHZ8QxiBiDamBweagM_HJ9mZUnlECfpDUVhC02XjSNUxDl7oUioar57O9v23O_V3M0L13g==
2024-12-28 16:17:48,579 - INFO - Page visit: /repair-works - IP: gAAAAABnb95cfxHhLB8d7zW8eJF-Nmu2OWvCJOy5ltkulXZR6XpcTHDkdqopKOC8iorACN2OwCFU4cuHMQqRuN7PlazFsmOqIw==
2024-12-28 16:17:48,619 - INFO - Page visit: /repair-works - IP: gAAAAABnb95cNI34RiZTpu15eFh6spYxZ3cY6jQsw138Jei83bK9lQZ2yrMDDBE8Z219Yi2QSF7QyKZkoE6TT6dBghnXnvditw==
2024-12-28 16:17:49,407 - INFO - Page visit: /repair-works - IP: gAAAAABnb95degiY3QBZutVKrPmSgqM2OuWKFUs9hMf8eVtP0C7BNVFnYoxzZ0hhXHGC1gZ6OyQvM3PWYgXvFU7Vr0KDI5kYQQ==
2024-12-28 16:17:49,441 - INFO - Page visit: /repair-works - IP: gAAAAABnb95drgJas_n81vy2BWazLBj7LJbZqjD73sc0Az4tYgnRm87WVOqqWHg0IiAKDl4T_a0idYji4JdGNts6xg_yW6aYNg==
2024-12-28 16:17:57,165 - INFO - Page visit: /serviced-objects - IP: gAAAAABnb95lQ1q1ei-f2_72tSmgPNPw0UK8plLzdI8rRePOwZTenlLIVFCfJjoFisL0wpNCf1BIA1DBVt4TFUxlyKqEJFPu0w==
2024-12-28 16:17:57,198 - INFO - Page visit: /serviced-objects - IP: gAAAAABnb95lRSTbpeVsoHbW_Rfgnq_MyneGeZc7W9HzJVnH3o_xTbWXCnpXmnJEfHIzLos2plistDyTtWmTmSejENLC5PI2Mw==
2024-12-28 16:18:03,082 - INFO - Page visit: /contacts - IP: gAAAAABnb95rGDboQ0mlrYcy6qhEu-prf9X3JyhwwetlzCVT7-xaTGImupPLvUQtz866vQW_jH6ztO8PUM0Izn5RC8PSnWG4yw==
2024-12-28 16:18:03,117 - INFO - Page visit: /contacts - IP: gAAAAABnb95rqHOMIkejSSIXgVQ3spFI3wuAvviwQMS1p9pS2ZE9nJsErg1iptb5yGJ-VPYunR2x0C0ZzReMuNTA27vxQ6Y1VA==
2024-12-28 16:18:24,173 - INFO - Page visit: / - IP: gAAAAABnb96AuMx73E8Hr0tWwcqbBeVqDpc94qYCgbAQog7V6rq9HER7xZGr1ICULH3L3k2Ql2XLlf8860gffsVNF-4t50qfOQ==
2024-12-28 16:18:24,211 - INFO - Page visit: / - IP: gAAAAABnb96ArZsSHoMgYlWF9C6qozqBlUEdMnTgRDkwpAsHybFioXqUemEBR-lsJx6Hr15gGJ_Bj6yjrtbAW8TrzdXqhMN02Q==
2024-12-28 16:18:33,647 - INFO - Page visit: /admin_login - IP: gAAAAABnb96Ja0NTJu75Fyapyna_YGBTDVlMBqgiV24SynjDek5d3ViHwfzYkPrLEUhvR5tl1pIzWj_jE_21_tM69dRu03EQMA==
2024-12-28 16:18:33,679 - INFO - Page visit: /admin_login - IP: gAAAAABnb96JkpxwYpU4b74G94d5OkbNE7NNJQNt9oP8b5XZYaKSycoENZfAjpI0FY3i6DWgLMIdwXZgQbagQyX6Rn91jnCcUg==
2024-12-28 16:18:39,730 - INFO - Page visit: /admin_login - IP: gAAAAABnb96PeHnQpgTPAevAf6RRHJiMyHN8SDApPOLhICN8-D83mfAw_6rzeD6WPJF5DYA2hybHcEh6Jd43a8YrVW4wBC09WQ==
2024-12-28 16:18:39,763 - INFO - Page visit: /admin_login - IP: gAAAAABnb96PQyYOWoPSajo3lz2TCYYP2cgsxSVbI7RzOP7l3uLAt7KeJuRlR7QWi3UrUFH2JqUZ1XRqiY6Q3hQ_ey1TE-Q8dA==
2024-12-28 16:18:39,795 - login - admin - Успешный вход администратора: admin - gAAAAABnb96PNuwnMzzM3uEFJsp0DHx1NYFz6BxYFEKd-hPeFE16avNuIDPrKPgSugPKinh0nXc6eg3f2GfpD3Ck1_BrkL5o0g==
2024-12-28 16:18:39,795 - login - admin - Успешный вход администратора: admin - gAAAAABnb96PNuwnMzzM3uEFJsp0DHx1NYFz6BxYFEKd-hPeFE16avNuIDPrKPgSugPKinh0nXc6eg3f2GfpD3Ck1_BrkL5o0g==
2024-12-28 16:18:39,827 - INFO - Page visit: /manage_content - IP: gAAAAABnb96PbFlp_F1QgiWcEfmPCCsid_rhmwbodtFZw26hta2Jrw_os66TQ9BlhHqCw3CiDzlIowWsbtm3v48iZGfSorZB2w==
2024-12-28 16:18:39,861 - INFO - Page visit: /manage_content - IP: gAAAAABnb96P0V62TyUmshmqVuMi_qLY3SbOH8nif0sZMxfXx2Qr1p5RoOaKl01WWFp1Os32GUTAFTEVNs_XPHCwMi6IIjjlOg==
2024-12-28 16:19:58,190 - INFO - Page visit: / - IP: gAAAAABnb97eEfNG0P7Gj8jd3oJkm7QuEOtmgTnPubGxEQQ239PVYFqb6k2wLSgK3mgDLc9IUj20ODOe_PPVRpgQDr7f8Eq28g==
2024-12-28 16:19:58,222 - INFO - Page visit: / - IP: gAAAAABnb97edFYmhzQYWrWoE74aLLCWHAQgldU4fW7_Xs1I3AEPzvXCS4xDgeanV9iaPhs3jA594YjbFXehduBBfIxB4KGt5A==
2025-01-06 23:12:17,542 - INFO - Page visit: / - IP: gAAAAABnfB0BzADpc3_u2c_r5yKJqONf1sl43h326yq0k61AIv040xxpbWT1RCUruwCvKPd4fa9P5ZnV8WyJOUZ7ThwBtl9eVg==
2025-01-06 23:12:17,574 - INFO - Page visit: / - IP: gAAAAABnfB0Be4-O5ZCdcpiThuuR9plhmTgv3InhCfbNr3A9iQi5RENaINAYgDiWEI5F3uJJuvC2pgHY1axJKsJnMjGGudzCMw==
2025-01-06 23:12:17,813 - INFO - Page visit: /favicon.ico - IP: gAAAAABnfB0B0rRq2mqgCTZ66IqEnA4nK0sb190LnhGeuZ72iVQDlah3d0OBAqY_fJEq2oZPjxyN493OoF9vOGO-kR3GW5MAwQ==
2025-01-06 23:12:17,847 - INFO - Page visit: /favicon.ico - IP: gAAAAABnfB0B7VS69cEIxWSsVwvpHJsD8eKWWy6C15r0Pu0uWOmEOha1w_7T_UEwNnet-7pyjUyXQnZbUR4i54XOuPj9vHXMiw==
2025-01-06 23:12:22,173 - INFO - Page visit: /company - IP: gAAAAABnfB0Gyn6HA3ay6H0Sf6KG5oTrzxOPFTYZGAdA8ubE9xtDtcdrQ6qm_ILgF_4pd3-mtV6dFZappoMC18ONaFt8_l6twA==
2025-01-06 23:12:22,205 - INFO - Page visit: /company - IP: gAAAAABnfB0GCuvWyaI9Zt40YOufogenlH0B-qZpOsuToyPxRHWzW8K-T1g3iVHUm8jxLRLe6H1PaZ2KcpRmK6TcGgmaPHi2Jw==
2025-01-06 23:12:23,032 - INFO - Page visit: /services - IP: gAAAAABnfB0H953fGDfGozhFl5Siof45zVz6LyNXzzTY-aKIyWyYi-S3BRBq2LVxV2sea7-NXP4ndlNO37SKRdoOluLwwGQHiw==
2025-01-06 23:12:23,066 - INFO - Page visit: /services - IP: gAAAAABnfB0HnAZBbnb0VQbPHoMZVmHghtfSXoH1K_RAe7pDpSNSfPOfy7nc0uZ-TTG-Jb1aCq2NaKD0zsFn1dwnH4vBPC4rTg==
2025-01-06 23:12:24,342 - INFO - Page visit: /repair-works - IP: gAAAAABnfB0I7_8F5D1pNXaH7tDpUxxr5qypWOFGg42VfOgcjXKS1IS8zIpm-TWAdzYmPPMn2Wit1dNAyoEXVJijNy9cNwitxg==
2025-01-06 23:12:24,375 - INFO - Page visit: /repair-works - IP: gAAAAABnfB0ITW-9xh7O98Hkpaw6v3dysvPHT8FOMOcv0O6b6nTD9AgjGYisF1CAV3HeEmzneZBP0udTyMAVaL1JkCYOpTT-rQ==
2025-01-06 23:12:25,536 - INFO - Page visit: /serviced-objects - IP: gAAAAABnfB0JeilWJv9Sw4aMoI2KKObszx8DQL8JBwSq0Se6pBdxWk_TctY0BH7LDy8uhFKakW6ORuSdNX4pp3SaV4D7BLKWCg==
2025-01-06 23:12:25,570 - INFO - Page visit: /serviced-objects - IP: gAAAAABnfB0Jh0chZSWdjnbdbqowBKjytMlDn7ZcIzmNrSSExP2KxPoBOOCodeLncvUXqYqbwOHNi0BYXBH9xyiY3ouu4oRpfg==
2025-01-06 23:12:26,367 - INFO - Page visit: /contacts - IP: gAAAAABnfB0KQRCi4Tp0zmmn2NGXVCqtm9Nlzxsczy1M2SjQfZ9OmbdkgzsnWvi94IsxdOrkwJsyq-a9sdEEJ7BolsKwrLhmvA==
2025-01-06 23:12:26,400 - INFO - Page visit: /contacts - IP: gAAAAABnfB0KT9r1xq75Cs3V4ta1NzGMOxbJoWtI9opuTlRzL1K5Cl0LWFQ20iQAGyOs86KmbeGKnjLppq1gskZAsLlcPQY5tw==
2025-01-06 23:12:27,656 - INFO - Page visit: / - IP: gAAAAABnfB0LxZ8kQ0CRnbS4QQLb0mlhQ4am_uZNp_Qh8dKayU15emkoIvR-_x8uSZiJE4hsIqOV_LnIkZcMgr9byq6jE5MtRg==
2025-01-06 23:12:27,688 - INFO - Page visit: / - IP: gAAAAABnfB0LKm-lvgrTlhUopHHiljfUFKFeXDw1OAEWgLPrAP5YIAgAqpHqTj4jyKrNkMcbabKX49hgxIpBmiTkroML0IUhFw==
2025-01-06 23:12:28,568 - INFO - Page visit: /contacts - IP: gAAAAABnfB0MkG862Z50XvIiMsPuxvVgK1mSQEFASPfivqAJMJx1taKCEJThkzanfd9fwqShDPAktlamyOUI25jskyCUyI5SIQ==
2025-01-06 23:12:28,601 - INFO - Page visit: /contacts - IP: gAAAAABnfB0MotmcSPUK498wZpcGYH0ftJspwLdPoonX5dcIVz7xgBIInRxjGhQc62NrdPEY_97bOlPOw0PPLoGMIEaEuwe2rg==
